<?xml version="1.0" encoding="UTF-8"?>
<!-- Generated by org.testng.reporters.JUnitReportReporter -->
<testsuite hostname="sidcluc349" failures="0" tests="1" name="rough.RoughTest" time="33.540" errors="0" timestamp="2020-12-05T13:12:23 IST" skipped="0">
  <testcase classname="rough.RoughTest" name="test1" time="33.540"/>
  <system-out/>
</testsuite> <!-- rough.RoughTest -->
