<?xml version="1.0" encoding="UTF-8"?>
<!-- Generated by org.testng.reporters.JUnitReportReporter -->
<testsuite hostname="sidcluc349" failures="0" tests="1" name="testcases.VerifyAddCropDetailsAreSaved" time="31.297" errors="0" timestamp="2020-12-05T14:25:34 IST" skipped="0">
  <testcase classname="testcases.VerifyAddCropDetailsAreSaved" name="verifyCropDetailsAreSaved" time="31.297"/>
  <system-out/>
</testsuite> <!-- testcases.VerifyAddCropDetailsAreSaved -->
